{"D:\\code\\github\\sojs-utility-url\\tool\\unit.js":{"path":"D:\\code\\github\\sojs-utility-url\\tool\\unit.js","s":{"1":1,"2":1,"3":1,"4":1},"b":{},"f":{"1":1},"fnMap":{"1":{"name":"(anonymous_1)","line":18,"loc":{"start":{"line":18,"column":11},"end":{"line":18,"column":23}}}},"statementMap":{"1":{"start":{"line":6,"column":0},"end":{"line":6,"column":16}},"2":{"start":{"line":7,"column":0},"end":{"line":7,"column":21}},"3":{"start":{"line":9,"column":0},"end":{"line":21,"column":3}},"4":{"start":{"line":19,"column":8},"end":{"line":19,"column":30}}},"branchMap":{}},"D:\\code\\github\\sojs-utility-url\\src\\sojs\\utility\\url.js":{"path":"D:\\code\\github\\sojs-utility-url\\src\\sojs\\utility\\url.js","s":{"1":1,"2":41,"3":41,"4":41,"5":41,"6":41,"7":41,"8":0,"9":41,"10":0,"11":41,"12":41,"13":37,"14":185,"15":37,"16":37,"17":37,"18":41,"19":40,"20":40,"21":386,"22":386,"23":28,"24":28,"25":358,"26":7,"27":351,"28":78,"29":40,"30":40,"31":39,"32":1,"33":40,"34":41,"35":12,"36":32,"37":32,"38":4,"39":12,"40":7,"41":12,"42":41,"43":7,"44":34,"45":31,"46":31,"47":30,"48":41,"49":41,"50":36,"51":36,"52":150,"53":150,"54":9,"55":150,"56":5,"57":10,"58":31,"59":73,"60":63,"61":73,"62":73,"63":150,"64":31,"65":41,"66":41,"67":26,"68":58,"69":58,"70":1,"71":1,"72":57,"73":9,"74":26,"75":12,"76":26,"77":41,"78":41,"79":30,"80":30,"81":30,"82":107,"83":107,"84":10,"85":107,"86":25,"87":25,"88":82,"89":25,"90":25,"91":25,"92":0,"93":0,"94":0,"95":25,"96":25,"97":25,"98":25,"99":14,"100":41,"101":41,"102":36,"103":10,"104":41},"b":{"1":[41,34],"2":[37,4],"3":[37,148],"4":[40,1],"5":[28,358],"6":[7,351],"7":[78,273],"8":[39,1],"9":[12,29],"10":[4,28],"11":[7,5],"12":[7,34],"13":[31,3],"14":[30,1],"15":[36,5],"16":[9,141],"17":[5,10,31,73],"18":[63,10],"19":[31,119],"20":[26,15],"21":[1,57],"22":[9,48],"23":[12,14],"24":[30,11],"25":[10,97],"26":[25,82],"27":[25,57],"28":[82,68],"29":[25,0],"30":[0,25],"31":[0,0],"32":[14,11],"33":[36,5],"34":[10,26]},"f":{"1":41},"fnMap":{"1":{"name":"(anonymous_1)","line":45,"loc":{"start":{"line":45,"column":11},"end":{"line":45,"column":40}}}},"statementMap":{"1":{"start":{"line":8,"column":0},"end":{"line":236,"column":3}},"2":{"start":{"line":46,"column":8},"end":{"line":46,"column":42}},"3":{"start":{"line":47,"column":8},"end":{"line":47,"column":22}},"4":{"start":{"line":48,"column":8},"end":{"line":48,"column":33}},"5":{"start":{"line":49,"column":8},"end":{"line":49,"column":15}},"6":{"start":{"line":50,"column":8},"end":{"line":50,"column":35}},"7":{"start":{"line":53,"column":8},"end":{"line":53,"column":62}},"8":{"start":{"line":53,"column":54},"end":{"line":53,"column":62}},"9":{"start":{"line":54,"column":8},"end":{"line":54,"column":58}},"10":{"start":{"line":54,"column":52},"end":{"line":54,"column":58}},"11":{"start":{"line":55,"column":8},"end":{"line":55,"column":32}},"12":{"start":{"line":70,"column":8},"end":{"line":78,"column":9}},"13":{"start":{"line":71,"column":12},"end":{"line":77,"column":13}},"14":{"start":{"line":72,"column":16},"end":{"line":76,"column":17}},"15":{"start":{"line":73,"column":20},"end":{"line":73,"column":58}},"16":{"start":{"line":74,"column":20},"end":{"line":74,"column":34}},"17":{"start":{"line":75,"column":20},"end":{"line":75,"column":26}},"18":{"start":{"line":81,"column":8},"end":{"line":107,"column":9}},"19":{"start":{"line":82,"column":12},"end":{"line":82,"column":32}},"20":{"start":{"line":83,"column":12},"end":{"line":96,"column":13}},"21":{"start":{"line":84,"column":16},"end":{"line":84,"column":39}},"22":{"start":{"line":86,"column":16},"end":{"line":95,"column":17}},"23":{"start":{"line":87,"column":20},"end":{"line":87,"column":45}},"24":{"start":{"line":88,"column":20},"end":{"line":88,"column":26}},"25":{"start":{"line":90,"column":21},"end":{"line":95,"column":17}},"26":{"start":{"line":91,"column":20},"end":{"line":91,"column":26}},"27":{"start":{"line":93,"column":21},"end":{"line":95,"column":17}},"28":{"start":{"line":94,"column":20},"end":{"line":94,"column":39}},"29":{"start":{"line":97,"column":12},"end":{"line":97,"column":46}},"30":{"start":{"line":99,"column":12},"end":{"line":104,"column":13}},"31":{"start":{"line":100,"column":16},"end":{"line":100,"column":84}},"32":{"start":{"line":103,"column":16},"end":{"line":103,"column":44}},"33":{"start":{"line":106,"column":12},"end":{"line":106,"column":26}},"34":{"start":{"line":110,"column":8},"end":{"line":121,"column":9}},"35":{"start":{"line":111,"column":12},"end":{"line":116,"column":13}},"36":{"start":{"line":112,"column":16},"end":{"line":112,"column":39}},"37":{"start":{"line":113,"column":16},"end":{"line":115,"column":17}},"38":{"start":{"line":114,"column":20},"end":{"line":114,"column":26}},"39":{"start":{"line":117,"column":12},"end":{"line":119,"column":13}},"40":{"start":{"line":118,"column":16},"end":{"line":118,"column":50}},"41":{"start":{"line":120,"column":12},"end":{"line":120,"column":26}},"42":{"start":{"line":123,"column":8},"end":{"line":132,"column":9}},"43":{"start":{"line":124,"column":12},"end":{"line":124,"column":52}},"44":{"start":{"line":126,"column":13},"end":{"line":132,"column":9}},"45":{"start":{"line":128,"column":12},"end":{"line":128,"column":78}},"46":{"start":{"line":129,"column":12},"end":{"line":131,"column":13}},"47":{"start":{"line":130,"column":16},"end":{"line":130,"column":42}},"48":{"start":{"line":135,"column":8},"end":{"line":135,"column":27}},"49":{"start":{"line":136,"column":8},"end":{"line":162,"column":9}},"50":{"start":{"line":137,"column":12},"end":{"line":137,"column":34}},"51":{"start":{"line":138,"column":12},"end":{"line":161,"column":13}},"52":{"start":{"line":139,"column":16},"end":{"line":139,"column":39}},"53":{"start":{"line":140,"column":16},"end":{"line":142,"column":17}},"54":{"start":{"line":141,"column":20},"end":{"line":141,"column":30}},"55":{"start":{"line":143,"column":16},"end":{"line":156,"column":17}},"56":{"start":{"line":145,"column":24},"end":{"line":145,"column":50}},"57":{"start":{"line":147,"column":24},"end":{"line":147,"column":54}},"58":{"start":{"line":149,"column":24},"end":{"line":149,"column":41}},"59":{"start":{"line":151,"column":24},"end":{"line":153,"column":25}},"60":{"start":{"line":152,"column":28},"end":{"line":152,"column":64}},"61":{"start":{"line":154,"column":24},"end":{"line":154,"column":38}},"62":{"start":{"line":155,"column":24},"end":{"line":155,"column":30}},"63":{"start":{"line":158,"column":16},"end":{"line":160,"column":17}},"64":{"start":{"line":159,"column":20},"end":{"line":159,"column":26}},"65":{"start":{"line":163,"column":8},"end":{"line":163,"column":32}},"66":{"start":{"line":166,"column":8},"end":{"line":181,"column":9}},"67":{"start":{"line":167,"column":12},"end":{"line":176,"column":13}},"68":{"start":{"line":168,"column":16},"end":{"line":168,"column":39}},"69":{"start":{"line":169,"column":16},"end":{"line":175,"column":17}},"70":{"start":{"line":170,"column":20},"end":{"line":170,"column":46}},"71":{"start":{"line":171,"column":20},"end":{"line":171,"column":26}},"72":{"start":{"line":173,"column":21},"end":{"line":175,"column":17}},"73":{"start":{"line":174,"column":20},"end":{"line":174,"column":26}},"74":{"start":{"line":177,"column":12},"end":{"line":179,"column":13}},"75":{"start":{"line":178,"column":16},"end":{"line":178,"column":55}},"76":{"start":{"line":180,"column":12},"end":{"line":180,"column":26}},"77":{"start":{"line":184,"column":8},"end":{"line":184,"column":23}},"78":{"start":{"line":185,"column":8},"end":{"line":223,"column":9}},"79":{"start":{"line":186,"column":12},"end":{"line":186,"column":31}},"80":{"start":{"line":187,"column":12},"end":{"line":187,"column":27}},"81":{"start":{"line":188,"column":12},"end":{"line":222,"column":13}},"82":{"start":{"line":189,"column":16},"end":{"line":189,"column":39}},"83":{"start":{"line":190,"column":16},"end":{"line":192,"column":17}},"84":{"start":{"line":191,"column":20},"end":{"line":191,"column":30}},"85":{"start":{"line":194,"column":16},"end":{"line":221,"column":17}},"86":{"start":{"line":195,"column":20},"end":{"line":195,"column":52}},"87":{"start":{"line":196,"column":20},"end":{"line":196,"column":34}},"88":{"start":{"line":198,"column":21},"end":{"line":221,"column":17}},"89":{"start":{"line":199,"column":20},"end":{"line":216,"column":21}},"90":{"start":{"line":200,"column":24},"end":{"line":200,"column":57}},"91":{"start":{"line":201,"column":24},"end":{"line":214,"column":25}},"92":{"start":{"line":202,"column":28},"end":{"line":209,"column":29}},"93":{"start":{"line":204,"column":32},"end":{"line":204,"column":66}},"94":{"start":{"line":208,"column":32},"end":{"line":208,"column":82}},"95":{"start":{"line":213,"column":28},"end":{"line":213,"column":58}},"96":{"start":{"line":215,"column":24},"end":{"line":215,"column":41}},"97":{"start":{"line":217,"column":20},"end":{"line":217,"column":34}},"98":{"start":{"line":218,"column":20},"end":{"line":220,"column":21}},"99":{"start":{"line":219,"column":24},"end":{"line":219,"column":30}},"100":{"start":{"line":224,"column":8},"end":{"line":224,"column":29}},"101":{"start":{"line":227,"column":8},"end":{"line":231,"column":9}},"102":{"start":{"line":228,"column":12},"end":{"line":230,"column":13}},"103":{"start":{"line":229,"column":16},"end":{"line":229,"column":60}},"104":{"start":{"line":233,"column":8},"end":{"line":233,"column":22}}},"branchMap":{"1":{"line":46,"type":"binary-expr","locations":[{"start":{"line":46,"column":23},"end":{"line":46,"column":35}},{"start":{"line":46,"column":39},"end":{"line":46,"column":41}}]},"2":{"line":70,"type":"if","locations":[{"start":{"line":70,"column":8},"end":{"line":70,"column":8}},{"start":{"line":70,"column":8},"end":{"line":70,"column":8}}]},"3":{"line":72,"type":"if","locations":[{"start":{"line":72,"column":16},"end":{"line":72,"column":16}},{"start":{"line":72,"column":16},"end":{"line":72,"column":16}}]},"4":{"line":81,"type":"if","locations":[{"start":{"line":81,"column":8},"end":{"line":81,"column":8}},{"start":{"line":81,"column":8},"end":{"line":81,"column":8}}]},"5":{"line":86,"type":"if","locations":[{"start":{"line":86,"column":16},"end":{"line":86,"column":16}},{"start":{"line":86,"column":16},"end":{"line":86,"column":16}}]},"6":{"line":90,"type":"if","locations":[{"start":{"line":90,"column":21},"end":{"line":90,"column":21}},{"start":{"line":90,"column":21},"end":{"line":90,"column":21}}]},"7":{"line":93,"type":"if","locations":[{"start":{"line":93,"column":21},"end":{"line":93,"column":21}},{"start":{"line":93,"column":21},"end":{"line":93,"column":21}}]},"8":{"line":99,"type":"if","locations":[{"start":{"line":99,"column":12},"end":{"line":99,"column":12}},{"start":{"line":99,"column":12},"end":{"line":99,"column":12}}]},"9":{"line":110,"type":"if","locations":[{"start":{"line":110,"column":8},"end":{"line":110,"column":8}},{"start":{"line":110,"column":8},"end":{"line":110,"column":8}}]},"10":{"line":113,"type":"if","locations":[{"start":{"line":113,"column":16},"end":{"line":113,"column":16}},{"start":{"line":113,"column":16},"end":{"line":113,"column":16}}]},"11":{"line":117,"type":"if","locations":[{"start":{"line":117,"column":12},"end":{"line":117,"column":12}},{"start":{"line":117,"column":12},"end":{"line":117,"column":12}}]},"12":{"line":123,"type":"if","locations":[{"start":{"line":123,"column":8},"end":{"line":123,"column":8}},{"start":{"line":123,"column":8},"end":{"line":123,"column":8}}]},"13":{"line":126,"type":"if","locations":[{"start":{"line":126,"column":13},"end":{"line":126,"column":13}},{"start":{"line":126,"column":13},"end":{"line":126,"column":13}}]},"14":{"line":129,"type":"if","locations":[{"start":{"line":129,"column":12},"end":{"line":129,"column":12}},{"start":{"line":129,"column":12},"end":{"line":129,"column":12}}]},"15":{"line":136,"type":"if","locations":[{"start":{"line":136,"column":8},"end":{"line":136,"column":8}},{"start":{"line":136,"column":8},"end":{"line":136,"column":8}}]},"16":{"line":140,"type":"if","locations":[{"start":{"line":140,"column":16},"end":{"line":140,"column":16}},{"start":{"line":140,"column":16},"end":{"line":140,"column":16}}]},"17":{"line":143,"type":"switch","locations":[{"start":{"line":144,"column":20},"end":{"line":145,"column":50}},{"start":{"line":146,"column":20},"end":{"line":147,"column":54}},{"start":{"line":148,"column":20},"end":{"line":149,"column":41}},{"start":{"line":150,"column":20},"end":{"line":155,"column":30}}]},"18":{"line":151,"type":"if","locations":[{"start":{"line":151,"column":24},"end":{"line":151,"column":24}},{"start":{"line":151,"column":24},"end":{"line":151,"column":24}}]},"19":{"line":158,"type":"if","locations":[{"start":{"line":158,"column":16},"end":{"line":158,"column":16}},{"start":{"line":158,"column":16},"end":{"line":158,"column":16}}]},"20":{"line":166,"type":"if","locations":[{"start":{"line":166,"column":8},"end":{"line":166,"column":8}},{"start":{"line":166,"column":8},"end":{"line":166,"column":8}}]},"21":{"line":169,"type":"if","locations":[{"start":{"line":169,"column":16},"end":{"line":169,"column":16}},{"start":{"line":169,"column":16},"end":{"line":169,"column":16}}]},"22":{"line":173,"type":"if","locations":[{"start":{"line":173,"column":21},"end":{"line":173,"column":21}},{"start":{"line":173,"column":21},"end":{"line":173,"column":21}}]},"23":{"line":177,"type":"if","locations":[{"start":{"line":177,"column":12},"end":{"line":177,"column":12}},{"start":{"line":177,"column":12},"end":{"line":177,"column":12}}]},"24":{"line":185,"type":"if","locations":[{"start":{"line":185,"column":8},"end":{"line":185,"column":8}},{"start":{"line":185,"column":8},"end":{"line":185,"column":8}}]},"25":{"line":190,"type":"if","locations":[{"start":{"line":190,"column":16},"end":{"line":190,"column":16}},{"start":{"line":190,"column":16},"end":{"line":190,"column":16}}]},"26":{"line":194,"type":"if","locations":[{"start":{"line":194,"column":16},"end":{"line":194,"column":16}},{"start":{"line":194,"column":16},"end":{"line":194,"column":16}}]},"27":{"line":198,"type":"if","locations":[{"start":{"line":198,"column":21},"end":{"line":198,"column":21}},{"start":{"line":198,"column":21},"end":{"line":198,"column":21}}]},"28":{"line":198,"type":"binary-expr","locations":[{"start":{"line":198,"column":25},"end":{"line":198,"column":36}},{"start":{"line":198,"column":40},"end":{"line":198,"column":51}}]},"29":{"line":199,"type":"if","locations":[{"start":{"line":199,"column":20},"end":{"line":199,"column":20}},{"start":{"line":199,"column":20},"end":{"line":199,"column":20}}]},"30":{"line":201,"type":"if","locations":[{"start":{"line":201,"column":24},"end":{"line":201,"column":24}},{"start":{"line":201,"column":24},"end":{"line":201,"column":24}}]},"31":{"line":202,"type":"if","locations":[{"start":{"line":202,"column":28},"end":{"line":202,"column":28}},{"start":{"line":202,"column":28},"end":{"line":202,"column":28}}]},"32":{"line":218,"type":"if","locations":[{"start":{"line":218,"column":20},"end":{"line":218,"column":20}},{"start":{"line":218,"column":20},"end":{"line":218,"column":20}}]},"33":{"line":227,"type":"if","locations":[{"start":{"line":227,"column":8},"end":{"line":227,"column":8}},{"start":{"line":227,"column":8},"end":{"line":227,"column":8}}]},"34":{"line":228,"type":"if","locations":[{"start":{"line":228,"column":12},"end":{"line":228,"column":12}},{"start":{"line":228,"column":12},"end":{"line":228,"column":12}}]}}}}