TN:
SF:D:\code\github\sojs-utility-url\tool\unit.js
FN:18,(anonymous_1)
FNF:1
FNH:1
FNDA:1,(anonymous_1)
DA:6,1
DA:7,1
DA:9,1
DA:19,1
LF:4
LH:4
BRF:0
BRH:0
end_of_record
TN:
SF:D:\code\github\sojs-utility-url\src\sojs\utility\url.js
FN:45,(anonymous_1)
FNF:1
FNH:1
FNDA:41,(anonymous_1)
DA:8,1
DA:46,41
DA:47,41
DA:48,41
DA:49,41
DA:50,41
DA:53,41
DA:54,41
DA:55,41
DA:70,41
DA:71,37
DA:72,185
DA:73,37
DA:74,37
DA:75,37
DA:81,41
DA:82,40
DA:83,40
DA:84,386
DA:86,386
DA:87,28
DA:88,28
DA:90,358
DA:91,7
DA:93,351
DA:94,78
DA:97,40
DA:99,40
DA:100,39
DA:103,1
DA:106,40
DA:110,41
DA:111,12
DA:112,32
DA:113,32
DA:114,4
DA:117,12
DA:118,7
DA:120,12
DA:123,41
DA:124,7
DA:126,34
DA:128,31
DA:129,31
DA:130,30
DA:135,41
DA:136,41
DA:137,36
DA:138,36
DA:139,150
DA:140,150
DA:141,9
DA:143,150
DA:145,5
DA:147,10
DA:149,31
DA:151,73
DA:152,63
DA:154,73
DA:155,73
DA:158,150
DA:159,31
DA:163,41
DA:166,41
DA:167,26
DA:168,58
DA:169,58
DA:170,1
DA:171,1
DA:173,57
DA:174,9
DA:177,26
DA:178,12
DA:180,26
DA:184,41
DA:185,41
DA:186,30
DA:187,30
DA:188,30
DA:189,107
DA:190,107
DA:191,10
DA:194,107
DA:195,25
DA:196,25
DA:198,82
DA:199,25
DA:200,25
DA:201,25
DA:202,0
DA:204,0
DA:208,0
DA:213,25
DA:215,25
DA:217,25
DA:218,25
DA:219,14
DA:224,41
DA:227,41
DA:228,36
DA:229,10
DA:233,41
LF:102
LH:99
BRDA:46,1,0,41
BRDA:46,1,1,34
BRDA:70,2,0,37
BRDA:70,2,1,4
BRDA:72,3,0,37
BRDA:72,3,1,148
BRDA:81,4,0,40
BRDA:81,4,1,1
BRDA:86,5,0,28
BRDA:86,5,1,358
BRDA:90,6,0,7
BRDA:90,6,1,351
BRDA:93,7,0,78
BRDA:93,7,1,273
BRDA:99,8,0,39
BRDA:99,8,1,1
BRDA:110,9,0,12
BRDA:110,9,1,29
BRDA:113,10,0,4
BRDA:113,10,1,28
BRDA:117,11,0,7
BRDA:117,11,1,5
BRDA:123,12,0,7
BRDA:123,12,1,34
BRDA:126,13,0,31
BRDA:126,13,1,3
BRDA:129,14,0,30
BRDA:129,14,1,1
BRDA:136,15,0,36
BRDA:136,15,1,5
BRDA:140,16,0,9
BRDA:140,16,1,141
BRDA:143,17,0,5
BRDA:143,17,1,10
BRDA:143,17,2,31
BRDA:143,17,3,73
BRDA:151,18,0,63
BRDA:151,18,1,10
BRDA:158,19,0,31
BRDA:158,19,1,119
BRDA:166,20,0,26
BRDA:166,20,1,15
BRDA:169,21,0,1
BRDA:169,21,1,57
BRDA:173,22,0,9
BRDA:173,22,1,48
BRDA:177,23,0,12
BRDA:177,23,1,14
BRDA:185,24,0,30
BRDA:185,24,1,11
BRDA:190,25,0,10
BRDA:190,25,1,97
BRDA:194,26,0,25
BRDA:194,26,1,82
BRDA:198,27,0,25
BRDA:198,27,1,57
BRDA:198,28,0,82
BRDA:198,28,1,68
BRDA:199,29,0,25
BRDA:199,29,1,0
BRDA:201,30,0,0
BRDA:201,30,1,25
BRDA:202,31,0,0
BRDA:202,31,1,0
BRDA:218,32,0,14
BRDA:218,32,1,11
BRDA:227,33,0,36
BRDA:227,33,1,5
BRDA:228,34,0,10
BRDA:228,34,1,26
BRF:70
BRH:66
end_of_record
